<?xml version="1.0" encoding="UTF-8"?>
<!-- Generated by org.testng.reporters.JUnitReportReporter -->
<testsuite skipped="0" hostname="LAPTOP-P4V92P0T" name="com.thefloowautomationpractice.qa.testcases.IndexPageTest" tests="1" failures="0" timestamp="06 Oct 2018 14:26:23 GMT" time="11.007" errors="0">
  <testcase name="RegisterAnAccount" time="11.007" classname="com.thefloowautomationpractice.qa.testcases.IndexPageTest"/>
</testsuite> <!-- com.thefloowautomationpractice.qa.testcases.IndexPageTest -->
