<?xml version="1.0" encoding="UTF-8"?>
<!-- Generated by org.testng.reporters.JUnitReportReporter -->
<testsuite skipped="0" hostname="LAPTOP-P4V92P0T" name="com.thefloowautomationpractice.qa.testcases.LogInMyStorePageTest" tests="1" failures="0" timestamp="06 Oct 2018 14:15:43 GMT" time="0.148" errors="0">
  <testcase name="logInMyStorePageTestSignIn" time="0.148" classname="com.thefloowautomationpractice.qa.testcases.LogInMyStorePageTest"/>
</testsuite> <!-- com.thefloowautomationpractice.qa.testcases.LogInMyStorePageTest -->
