<?xml version="1.0" encoding="UTF-8"?>
<!-- Generated by org.testng.reporters.JUnitReportReporter -->
<testsuite skipped="0" hostname="LAPTOP-P4V92P0T" name="com.thefloowautomationpractice.qa.testcases.NavigationTest" tests="1" failures="0" timestamp="09 Oct 2018 21:14:36 GMT" time="20.100" errors="0">
  <testcase name="TestCase4_Navigations" time="20.100" classname="com.thefloowautomationpractice.qa.testcases.NavigationTest"/>
</testsuite> <!-- com.thefloowautomationpractice.qa.testcases.NavigationTest -->
