<?xml version="1.0" encoding="UTF-8"?>
<!-- Generated by org.testng.reporters.JUnitReportReporter -->
<testsuite skipped="0" hostname="LAPTOP-P4V92P0T" name="com.thefloowautomationpractice.qa.testcases.ConductingSearchTest" tests="1" failures="0" timestamp="09 Oct 2018 21:14:36 GMT" time="17.528" errors="0">
  <testcase name="TestCase3_SearchAProudct" time="17.528" classname="com.thefloowautomationpractice.qa.testcases.ConductingSearchTest"/>
</testsuite> <!-- com.thefloowautomationpractice.qa.testcases.ConductingSearchTest -->
