<?xml version="1.0" encoding="UTF-8"?>
<!-- Generated by org.testng.reporters.JUnitReportReporter -->
<testsuite skipped="0" hostname="LAPTOP-P4V92P0T" name="com.thefloowautomationpractice.qa.testcases.RegisteringTest" tests="1" failures="0" timestamp="08 Oct 2018 21:55:39 GMT" time="20.220" errors="0">
  <testcase name="RegisterAnAccount" time="20.220" classname="com.thefloowautomationpractice.qa.testcases.RegisteringTest"/>
</testsuite> <!-- com.thefloowautomationpractice.qa.testcases.RegisteringTest -->
