<?xml version="1.0" encoding="UTF-8"?>
<!-- Generated by org.testng.reporters.JUnitReportReporter -->
<testsuite skipped="0" hostname="LAPTOP-P4V92P0T" name="com.thefloowautomationpractice.qa.testcases.PurchaseTest" tests="1" failures="0" timestamp="09 Oct 2018 21:14:36 GMT" time="28.061" errors="0">
  <testcase name="TestCase5_Purchase" time="28.061" classname="com.thefloowautomationpractice.qa.testcases.PurchaseTest"/>
</testsuite> <!-- com.thefloowautomationpractice.qa.testcases.PurchaseTest -->
