<?xml version="1.0" encoding="UTF-8"?>
<!-- Generated by org.testng.reporters.JUnitReportReporter -->
<testsuite skipped="0" hostname="LAPTOP-P4V92P0T" name="com.thefloowautomationpractice.qa.testcases.AccountRegisteredTest" tests="1" failures="0" timestamp="07 Oct 2018 21:12:54 GMT" time="15.644" errors="0">
  <testcase name="RegisteredAccount" time="15.644" classname="com.thefloowautomationpractice.qa.testcases.AccountRegisteredTest"/>
</testsuite> <!-- com.thefloowautomationpractice.qa.testcases.AccountRegisteredTest -->
